<?xml version="1.0" encoding="UTF-8"?>
<testng-results ignored="0" total="1" passed="1" failed="0" skipped="0">
  <reporter-output>
  </reporter-output>
  <suite started-at="2020-05-16T20:57:30 ICT" name="My suite" finished-at="2020-05-16T20:57:36 ICT" duration-ms="6194">
    <groups>
    </groups>
    <test started-at="2020-05-16T20:57:30 ICT" name="Test1" finished-at="2020-05-16T20:57:36 ICT" duration-ms="6194">
      <class name="LoginTest">
        <test-method is-config="true" signature="setUp(org.testng.ITestContext)[pri:0, instance:LoginTest@7fe8ea47]" started-at="2020-05-16T20:57:30 ICT" name="setUp" finished-at="2020-05-16T20:57:32 ICT" duration-ms="2075" status="PASS">
          <params>
            <param index="0">
              <value>
                <![CDATA[org.testng.TestRunner@7072bc39]]>
              </value>
            </param>
          </params>
          <reporter-output>
          </reporter-output>
        </test-method> <!-- setUp -->
        <test-method signature="loginTest()[pri:0, instance:LoginTest@7fe8ea47]" started-at="2020-05-16T20:57:32 ICT" name="loginTest" finished-at="2020-05-16T20:57:36 ICT" duration-ms="3913" status="PASS">
          <reporter-output>
          </reporter-output>
        </test-method> <!-- loginTest -->
        <test-method is-config="true" signature="tearDown()[pri:0, instance:LoginTest@7fe8ea47]" started-at="2020-05-16T20:57:36 ICT" name="tearDown" finished-at="2020-05-16T20:57:36 ICT" duration-ms="98" status="PASS">
          <reporter-output>
          </reporter-output>
        </test-method> <!-- tearDown -->
      </class> <!-- LoginTest -->
    </test> <!-- Test1 -->
  </suite> <!-- My suite -->
</testng-results>
